Plugins:
Bundled analyzers:
  - JaCoCo 1.3.0.1538 (jacoco)
  - IaC Code Quality and Security 1.41.0.14206 (iac)
  - Text Code Quality and Security 2.20.0.5038 (text)
  - Clean as You Code 2.4.0.2018 (cayc)
Global server settings:
  - sonar.azureresourcemanager.file.suffixes=.bicep
  - sonar.core.id=147B411E-AZUuOq-LzPtVQpdFj_wj
  - sonar.core.startTime=2025-02-22T21:54:14+0000
  - sonar.cs.file.suffixes=.cs,.razor
  - sonar.css.file.suffixes=.css,.less,.scss,.sass
  - sonar.docker.file.patterns=Dockerfile,*.dockerfile
  - sonar.flex.file.suffixes=as
  - sonar.forceAuthentication=true
  - sonar.go.file.suffixes=.go
  - sonar.html.file.suffixes=.html,.xhtml,.cshtml,.vbhtml,.aspx,.ascx,.rhtml,.erb,.shtm,.shtml,.cmp,.twig
  - sonar.ipynb.file.suffixes=ipynb
  - sonar.java.file.suffixes=.java,.jav
  - sonar.java.jvmframeworkconfig.file.patterns=**/src/main/resources/**/*app*.properties,**/src/main/resources/**/*app*.yaml,**/src/main/resources/**/*app*.yml
  - sonar.javascript.file.suffixes=.js,.jsx,.cjs,.mjs,.vue
  - sonar.json.file.suffixes=.json
  - sonar.jsp.file.suffixes=.jsp,.jspf,.jspx
  - sonar.kotlin.file.suffixes=.kt,.kts
  - sonar.multi-quality-mode.enabled=true
  - sonar.php.file.suffixes=php,php3,php4,php5,phtml,inc
  - sonar.python.file.suffixes=py
  - sonar.qualityProfiles.allowDisableInheritedRules=true
  - sonar.ruby.file.suffixes=.rb
  - sonar.scala.file.suffixes=.scala
  - sonar.terraform.file.suffixes=.tf
  - sonar.typescript.file.suffixes=.ts,.tsx,.cts,.mts
  - sonar.vbnet.file.suffixes=.vb
  - sonar.xml.file.suffixes=.xml,.xsd,.xsl,.config
  - sonar.yaml.file.suffixes=.yaml,.yml
Project server settings:
Project scanner properties:
  - sonar.exclusions=**/node_modules/**,coverage/lcov-report/*,test/*.js
  - sonar.host.url=http://172.26.102.112:9000
  - sonar.projectBaseDir=C:\Users\med amine\Desktop\indar-deco-backend
  - sonar.projectKey=instar
  - sonar.projectName=instar
  - sonar.projectVersion=4.2.7
  - sonar.scanner.apiBaseUrl=http://172.26.102.112:9000/api/v2
  - sonar.scanner.app=ScannerNpm
  - sonar.scanner.appVersion=4.2.7
  - sonar.scanner.arch=x64
  - sonar.scanner.bootstrapStartTime=1740263503565
  - sonar.scanner.internal.isSonarCloud=false
  - sonar.scanner.os=win32
  - sonar.scanner.wasEngineCacheHit=true
  - sonar.scanner.wasJreCacheHit=hit
  - sonar.sourceEncoding=UTF-8
  - sonar.sources=./
  - sonar.token=******
  - sonar.userHome=C:\Users\med amine\.sonar
  - sonar.verbose=true
  - sonar.working.directory=.scannerwork
